<?xml version="1.0" encoding="UTF-8"?>
<testsuite name="quantitymeasurement.quantityTest" tests="1" skipped="0" failures="0" errors="0" timestamp="2019-12-17T08:23:33" hostname="mohit-Inspiron-15-3567" time="0.002">
  <properties/>
  <testcase name="given0Inchand1Inch_ShouldReturnNotEqual" classname="quantitymeasurement.quantityTest" time="0.002"/>
  <system-out><![CDATA[]]></system-out>
  <system-err><![CDATA[]]></system-err>
</testsuite>
